c:\users\admin\desktop\qtpie\build\debug\lua.pdb
c:\users\admin\desktop\qtpie\build\lua.dir\debug\lopcodes.obj
c:\users\admin\desktop\qtpie\build\lua.dir\debug\lobject.obj
c:\users\admin\desktop\qtpie\build\lua.dir\debug\loadlib.obj
c:\users\admin\desktop\qtpie\build\lua.dir\debug\lmem.obj
c:\users\admin\desktop\qtpie\build\lua.dir\debug\lmathlib.obj
c:\users\admin\desktop\qtpie\build\lua.dir\debug\llex.obj
c:\users\admin\desktop\qtpie\build\lua.dir\debug\liolib.obj
c:\users\admin\desktop\qtpie\build\lua.dir\debug\linit.obj
c:\users\admin\desktop\qtpie\build\lua.dir\debug\lgc.obj
c:\users\admin\desktop\qtpie\build\lua.dir\debug\lfunc.obj
c:\users\admin\desktop\qtpie\build\lua.dir\debug\ldump.obj
c:\users\admin\desktop\qtpie\build\lua.dir\debug\ldo.obj
c:\users\admin\desktop\qtpie\build\lua.dir\debug\ldebug.obj
c:\users\admin\desktop\qtpie\build\lua.dir\debug\ldblib.obj
c:\users\admin\desktop\qtpie\build\lua.dir\debug\lctype.obj
c:\users\admin\desktop\qtpie\build\lua.dir\debug\lcorolib.obj
c:\users\admin\desktop\qtpie\build\lua.dir\debug\lcode.obj
c:\users\admin\desktop\qtpie\build\lua.dir\debug\lbaselib.obj
c:\users\admin\desktop\qtpie\build\lua.dir\debug\lauxlib.obj
c:\users\admin\desktop\qtpie\build\lua.dir\debug\lapi.obj
c:\users\admin\desktop\qtpie\build\lua.dir\debug\lzio.obj
c:\users\admin\desktop\qtpie\build\lua.dir\debug\lvm.obj
c:\users\admin\desktop\qtpie\build\lua.dir\debug\lutf8lib.obj
c:\users\admin\desktop\qtpie\build\lua.dir\debug\lundump.obj
c:\users\admin\desktop\qtpie\build\lua.dir\debug\ltm.obj
c:\users\admin\desktop\qtpie\build\lua.dir\debug\ltablib.obj
c:\users\admin\desktop\qtpie\build\lua.dir\debug\ltable.obj
c:\users\admin\desktop\qtpie\build\lua.dir\debug\lstrlib.obj
c:\users\admin\desktop\qtpie\build\lua.dir\debug\lstring.obj
c:\users\admin\desktop\qtpie\build\lua.dir\debug\lstate.obj
c:\users\admin\desktop\qtpie\build\lua.dir\debug\lparser.obj
c:\users\admin\desktop\qtpie\build\lua.dir\debug\loslib.obj
c:\users\admin\desktop\qtpie\build\cmakefiles\generate.stamp
c:\users\admin\desktop\qtpie\build\debug\lua.lib
c:\users\admin\desktop\qtpie\build\lua.dir\debug\lua.tlog\cl.command.1.tlog
c:\users\admin\desktop\qtpie\build\lua.dir\debug\lua.tlog\cl.items.tlog
c:\users\admin\desktop\qtpie\build\lua.dir\debug\lua.tlog\cl.read.1.tlog
c:\users\admin\desktop\qtpie\build\lua.dir\debug\lua.tlog\cl.write.1.tlog
c:\users\admin\desktop\qtpie\build\lua.dir\debug\lua.tlog\custombuild.command.1.tlog
c:\users\admin\desktop\qtpie\build\lua.dir\debug\lua.tlog\custombuild.read.1.tlog
c:\users\admin\desktop\qtpie\build\lua.dir\debug\lua.tlog\custombuild.write.1.tlog
c:\users\admin\desktop\qtpie\build\lua.dir\debug\lua.tlog\lib-link.read.1.tlog
c:\users\admin\desktop\qtpie\build\lua.dir\debug\lua.tlog\lib-link.write.1.tlog
c:\users\admin\desktop\qtpie\build\lua.dir\debug\lua.tlog\lib.command.1.tlog
