c:\users\admin\desktop\qtpie\build\debug\furry.pdb
c:\users\admin\desktop\qtpie\build\furry.dir\debug\fr_asset.obj
c:\users\admin\desktop\qtpie\build\furry.dir\debug\fr_input.obj
c:\users\admin\desktop\qtpie\build\furry.dir\debug\fr_platform.obj
c:\users\admin\desktop\qtpie\build\furry.dir\debug\fr_time.obj
c:\users\admin\desktop\qtpie\build\furry.dir\debug\fr_log.obj
c:\users\admin\desktop\qtpie\build\furry.dir\debug\fr_memory.obj
c:\users\admin\desktop\qtpie\build\furry.dir\debug\fr_script.obj
c:\users\admin\desktop\qtpie\build\furry.dir\debug\fr_scene.obj
c:\users\admin\desktop\qtpie\build\furry.dir\debug\fr_renderer.obj
c:\users\admin\desktop\qtpie\build\cmakefiles\generate.stamp
c:\users\admin\desktop\qtpie\build\debug\furry.lib
c:\users\admin\desktop\qtpie\build\furry.dir\debug\furry.tlog\cl.command.1.tlog
c:\users\admin\desktop\qtpie\build\furry.dir\debug\furry.tlog\cl.items.tlog
c:\users\admin\desktop\qtpie\build\furry.dir\debug\furry.tlog\cl.read.1.tlog
c:\users\admin\desktop\qtpie\build\furry.dir\debug\furry.tlog\cl.write.1.tlog
c:\users\admin\desktop\qtpie\build\furry.dir\debug\furry.tlog\custombuild.command.1.tlog
c:\users\admin\desktop\qtpie\build\furry.dir\debug\furry.tlog\custombuild.read.1.tlog
c:\users\admin\desktop\qtpie\build\furry.dir\debug\furry.tlog\custombuild.write.1.tlog
c:\users\admin\desktop\qtpie\build\furry.dir\debug\furry.tlog\lib-link.read.1.tlog
c:\users\admin\desktop\qtpie\build\furry.dir\debug\furry.tlog\lib-link.write.1.tlog
c:\users\admin\desktop\qtpie\build\furry.dir\debug\furry.tlog\lib.command.1.tlog
